<?xml version="1.0" encoding="UTF-8"?>
<!-- Generated by org.testng.reporters.JUnitReportReporter -->
<testsuite skipped="0" hostname="optimus-18" name="TestNGSimpleTest" tests="1" failures="0" timestamp="19 Apr 2017 14:17:48 GMT" time="0.015" errors="0">
  <testcase name="testAdd" time="0.015" classname="TestNGSimpleTest"/>
</testsuite> <!-- TestNGSimpleTest -->
